<?xml version="1.0" encoding="UTF-8"?>
<!-- Generated by org.testng.reporters.JUnitReportReporter -->
<testsuite hostname="DESKTOP-KA17H8V" failures="0" tests="5" name="TestNg.CustomerModule" time="0.021" errors="0" timestamp="2022-09-17T02:27:56 IST" skipped="0">
  <testcase classname="TestNg.CustomerModule" name="deleteCutomer" time="0.003"/>
  <system-out>
    <![CDATA[deleteCutomer]]>
  </system-out>
  <testcase classname="TestNg.CustomerModule" name="CreateCustomer" time="0.002"/>
  <system-out>
    <![CDATA[CreateCustomer]]>
  </system-out>
  <testcase classname="TestNg.CustomerModule" name="CreateCustomer" time="0.002"/>
  <system-out>
    <![CDATA[CreateCustomer]]>
  </system-out>
  <testcase classname="TestNg.CustomerModule" name="CreateCustomer" time="0.011"/>
  <system-out>
    <![CDATA[CreateCustomer]]>
  </system-out>
  <testcase classname="TestNg.CustomerModule" name="ModifyCustomer" time="0.003"/>
  <system-out>
    <![CDATA[ModifyCustomer]]>
  </system-out>
</testsuite> <!-- TestNg.CustomerModule -->
