<?xml version="1.0" encoding="UTF-8"?>
<!-- Generated by org.testng.reporters.JUnitReportReporter -->
<testsuite hostname="DESKTOP-KA17H8V" failures="0" tests="1" name="TestNg.DemoAssertion" time="9.416" errors="0" timestamp="2022-09-17T02:28:48 IST" skipped="0">
  <testcase classname="TestNg.DemoAssertion" name="verifytitle" time="9.416"/>
  <system-out>
    <![CDATA[title is matching and pass]]>
  </system-out>
</testsuite> <!-- TestNg.DemoAssertion -->
