<?xml version="1.0" encoding="UTF-8"?>
<!-- Generated by org.testng.reporters.JUnitReportReporter -->
<testsuite hostname="DESKTOP-KA17H8V" failures="0" tests="1" name="TestNg.DemoTesting" time="0.011" errors="0" timestamp="2022-09-16T23:25:23 IST" skipped="0">
  <testcase classname="TestNg.DemoTesting" name="dempoTesting" time="0.011"/>
  <system-out>
    <![CDATA[wellcome]]>
  </system-out>
</testsuite> <!-- TestNg.DemoTesting -->
