<?xml version="1.0" encoding="UTF-8"?>
<!-- Generated by org.testng.reporters.JUnitReportReporter -->
<testsuite hostname="DESKTOP-KA17H8V" failures="0" tests="1" name="qsp.TestNgDemoTest" time="0.016" errors="0" timestamp="2022-09-14T22:54:31 IST" skipped="0">
  <testcase classname="qsp.TestNgDemoTest" name="demoTest" time="0.016"/>
  <system-out>
    <![CDATA[wellcome]]>
  </system-out>
</testsuite> <!-- qsp.TestNgDemoTest -->
