<?xml version="1.0" encoding="UTF-8"?>
<!-- Generated by org.testng.reporters.JUnitReportReporter -->
<testsuite hostname="DESKTOP-KA17H8V" failures="0" tests="3" name="TestNg.TastModule" time="22.433" errors="0" timestamp="2022-09-21T15:55:03 IST" skipped="0">
  <testcase classname="TestNg.TastModule" name="DeleteTask" time="10.996"/>
  <system-out>
    <![CDATA[DeleteTask]]>
  </system-out>
  <testcase classname="TestNg.TastModule" name="ModifyTask" time="6.050"/>
  <system-out>
    <![CDATA[ModifyTask]]>
  </system-out>
  <testcase classname="TestNg.TastModule" name="CreateTask" time="5.387"/>
  <system-out>
    <![CDATA[CreateTask]]>
  </system-out>
</testsuite> <!-- TestNg.TastModule -->
