<?xml version="1.0" encoding="UTF-8"?>
<!-- Generated by org.testng.reporters.JUnitReportReporter -->
<testsuite hostname="DESKTOP-KA17H8V" failures="0" tests="3" name="TestNg.ProjectModule1" time="21.977" errors="0" timestamp="2022-09-21T15:55:03 IST" skipped="0">
  <testcase classname="TestNg.ProjectModule1" name="CreateProject" time="9.552"/>
  <system-out>
    <![CDATA[CreateProjetct]]>
  </system-out>
  <testcase classname="TestNg.ProjectModule1" name="deleteCustomer" time="6.925"/>
  <system-out>
    <![CDATA[deleteCustomer]]>
  </system-out>
  <testcase classname="TestNg.ProjectModule1" name="modifyProject" time="5.500"/>
  <system-out>
    <![CDATA[modifyProject]]>
  </system-out>
</testsuite> <!-- TestNg.ProjectModule1 -->
