<?xml version="1.0" encoding="UTF-8"?>
<!-- Generated by org.testng.reporters.JUnitReportReporter -->
<testsuite hostname="DESKTOP-KA17H8V" failures="0" tests="3" name="TestNg.CreateCustomer1" time="24.751" errors="0" timestamp="2022-09-21T15:55:03 IST" skipped="0">
  <testcase classname="TestNg.CreateCustomer1" name="createCustemer" time="11.804"/>
  <system-out>
    <![CDATA[createCustemer]]>
  </system-out>
  <testcase classname="TestNg.CreateCustomer1" name="ModifyCustomer" time="7.041"/>
  <system-out>
    <![CDATA[ModifyCustomer]]>
  </system-out>
  <testcase classname="TestNg.CreateCustomer1" name="deleteCustomer" time="5.906"/>
  <system-out>
    <![CDATA[deleteCustomer]]>
  </system-out>
</testsuite> <!-- TestNg.CreateCustomer1 -->
